SLF4J(W): Class path contains multiple SLF4J providers.
SLF4J(W): Found provider [scribe.slf4j.ScribeServiceProvider@b147444]
SLF4J(W): Found provider [ch.qos.logback.classic.spi.LogbackServiceProvider@6fe49165]
SLF4J(W): See https://www.slf4j.org/codes.html#multiple_bindings for an explanation.
SLF4J(I): Actual provider is of type [scribe.slf4j.ScribeServiceProvider@b147444]
2024.06.15 13:27:19 WARN  Flyway upgrade recommended: H2 2.2.224 is newer than this version of Flyway and support has not been tested. The latest supported version of H2 is 2.2.220.
2024.06.15 13:27:21 INFO  no build target found for D:\UDEEPA\UCSC\2nd year\1st sem\SCS2204 Functional Programming\practical\1\FP_in_Scala\Prac_1\1.scala. Using presentation compiler with project's scala-library version: 3.3.3
2024.06.15 13:27:23 INFO  Running List(C:\Users\ASUS\AppData\Local\Coursier\data\bin\scala-cli.BAT, setup-ide, D:\UDEEPA\UCSC\2nd year\1st sem\SCS2204 Functional Programming\practical\1\FP_in_Scala)
2024.06.15 13:27:24 INFO  no build target found for D:\UDEEPA\UCSC\2nd year\1st sem\SCS2204 Functional Programming\practical\1\FP_in_Scala\Prac_1\1.scala. Using presentation compiler with project's scala-library version: 3.3.3
2024.06.15 13:27:24 WARN  Could not find semantic tokens for: file:///D:/UDEEPA/UCSC/2nd%20year/1st%20sem/SCS2204%20Functional%20Programming/practical/1/FP_in_Scala/Prac_1/1.scala
2024.06.15 13:27:24 INFO  Attempting to connect to the build server...
2024.06.15 13:27:24 INFO  Running BSP server List(C:\Users\ASUS\AppData\Local\Coursier\data\bin\.scala-cli.aux.exe, bsp, --json-options, D:\UDEEPA\UCSC\2nd year\1st sem\SCS2204 Functional Programming\practical\1\FP_in_Scala\.scala-build\ide-options-v2.json, --json-launcher-options, D:\UDEEPA\UCSC\2nd year\1st sem\SCS2204 Functional Programming\practical\1\FP_in_Scala\.scala-build\ide-launcher-options.json, --envs-file, D:\UDEEPA\UCSC\2nd year\1st sem\SCS2204 Functional Programming\practical\1\FP_in_Scala\.scala-build\ide-envs.json, D:\UDEEPA\UCSC\2nd year\1st sem\SCS2204 Functional Programming\practical\1\FP_in_Scala)
2024.06.15 13:27:23 INFO  no build target found for D:\UDEEPA\UCSC\2nd year\1st sem\SCS2204 Functional Programming\practical\1\FP_in_Scala\Prac_1\1.scala. Using presentation compiler with project's scala-library version: 3.3.3
2024.06.15 13:27:23 INFO  tracing is disabled for protocol BSP, to enable tracing of incoming and outgoing JSON messages create an empty file at D:\UDEEPA\UCSC\2nd year\1st sem\SCS2204 Functional Programming\practical\1\FP_in_Scala\.metals\bsp.trace.json or C:\Users\ASUS\AppData\Local\scalameta\metals\cache\bsp.trace.json
2024.06.15 13:27:27 WARN  Could not find semantic tokens for: file:///D:/UDEEPA/UCSC/2nd%20year/1st%20sem/SCS2204%20Functional%20Programming/practical/1/FP_in_Scala/Prac_1/1.scala
2024.06.15 13:27:29 INFO  no build target found for D:\UDEEPA\UCSC\2nd year\1st sem\SCS2204 Functional Programming\practical\1\FP_in_Scala\Prac_1\1.scala. Using presentation compiler with project's scala-library version: 3.3.3
2024.06.15 13:27:29 INFO  no build target found for D:\UDEEPA\UCSC\2nd year\1st sem\SCS2204 Functional Programming\practical\1\FP_in_Scala\Prac_1\1.scala. Using presentation compiler with project's scala-library version: 3.3.3
2024.06.15 13:27:29 INFO  no build target found for D:\UDEEPA\UCSC\2nd year\1st sem\SCS2204 Functional Programming\practical\1\FP_in_Scala\Prac_1\1.scala. Using presentation compiler with project's scala-library version: 3.3.3
2024.06.15 13:27:29 INFO  no build target found for D:\UDEEPA\UCSC\2nd year\1st sem\SCS2204 Functional Programming\practical\1\FP_in_Scala\Prac_1\1.scala. Using presentation compiler with project's scala-library version: 3.3.3
2024.06.15 13:27:30 INFO  time: Connected to build server in 5.93s
2024.06.15 13:27:30 INFO  Connected to Build server: scala-cli v1.3.2
2024.06.15 13:27:30 INFO  time: Imported build in 0.12s
2024.06.15 13:27:31 INFO  compiling fp_in_scala_f4dd477a3a (1 scala source)
2024.06.15 13:27:32 INFO  time: compiled FP_in_Scala_f4dd477a3a in 1.05s
Jun 15, 2024 1:27:34 PM org.eclipse.lsp4j.jsonrpc.RemoteEndpoint handleCancellation
WARNING: Unmatched cancel notification for request id 58
2024.06.15 13:27:36 INFO  time: indexed workspace in 5.86s
Jun 15, 2024 1:27:57 PM org.eclipse.lsp4j.jsonrpc.RemoteEndpoint handleCancellation
WARNING: Unmatched cancel notification for request id 193
Jun 15, 2024 1:28:04 PM org.eclipse.lsp4j.jsonrpc.RemoteEndpoint handleCancellation
WARNING: Unmatched cancel notification for request id 223
Jun 15, 2024 1:28:31 PM org.eclipse.lsp4j.jsonrpc.RemoteEndpoint handleCancellation
WARNING: Unmatched cancel notification for request id 382
Jun 15, 2024 1:29:29 PM org.eclipse.lsp4j.jsonrpc.RemoteEndpoint handleCancellation
WARNING: Unmatched cancel notification for request id 446
2024.06.15 13:31:59 INFO  compiling fp_in_scala_f4dd477a3a (1 scala source)
2024.06.15 13:32:00 INFO  time: compiled FP_in_Scala_f4dd477a3a in 1.45s
2024.06.15 13:33:07 INFO  compiling fp_in_scala_f4dd477a3a (1 scala source)
2024.06.15 13:33:07 INFO  time: compiled FP_in_Scala_f4dd477a3a in 0.78s
2024.06.15 13:33:07 INFO  compiling fp_in_scala_f4dd477a3a (1 scala source)
2024.06.15 13:33:08 INFO  time: compiled FP_in_Scala_f4dd477a3a in 0.37s
2024.06.15 13:33:11 INFO  Cancelling compilation on scala-cli server
2024.06.15 13:33:11 WARN  Invalid text document uri received from build server: file:///D:/UDEEPA/UCSC/2nd%20year/1st%20sem/SCS2204%20Functional%20Programming/practical/1/FP_in_Scala/Prac_1/tempCodeRunnerFile.scala
2024.06.15 13:33:11 INFO  time: Imported build in 0.1s
2024.06.15 13:33:11 WARN  Invalid text document uri received from build server: file:///D:/UDEEPA/UCSC/2nd%20year/1st%20sem/SCS2204%20Functional%20Programming/practical/1/FP_in_Scala/Prac_1/tempCodeRunnerFile.scala
2024.06.15 13:33:15 INFO  time: indexed workspace in 7.67s
2024.06.15 13:33:17 INFO  time: indexed workspace in 5.56s
2024.06.15 13:33:50 ERROR Failed to tokenize input for semantic tokens for D:\UDEEPA\UCSC\2nd year\1st sem\SCS2204 Functional Programming\practical\1\FP_in_Scala\Prac_1\1.scala
scala.meta.tokenizers.TokenizeException: <input>:7: error: unclosed string literal
println("$area)
        ^
	at scala.meta.internal.tokenizers.Reporter.syntaxError(Reporter.scala:23)
	at scala.meta.internal.tokenizers.Reporter.syntaxError$(Reporter.scala:23)
	at scala.meta.internal.tokenizers.Reporter$$anon$1.syntaxError(Reporter.scala:33)
	at scala.meta.internal.tokenizers.Reporter.syntaxError(Reporter.scala:25)
	at scala.meta.internal.tokenizers.Reporter.syntaxError$(Reporter.scala:25)
	at scala.meta.internal.tokenizers.Reporter$$anon$1.syntaxError(Reporter.scala:33)
	at scala.meta.internal.tokenizers.LegacyScanner.getStringLit(LegacyScanner.scala:560)
	at scala.meta.internal.tokenizers.LegacyScanner.fetchDoubleQuote$1(LegacyScanner.scala:379)
	at scala.meta.internal.tokenizers.LegacyScanner.fetchToken(LegacyScanner.scala:383)
	at scala.meta.internal.tokenizers.LegacyScanner.nextToken(LegacyScanner.scala:214)
	at scala.meta.internal.tokenizers.LegacyScanner.foreach(LegacyScanner.scala:982)
	at scala.meta.internal.tokenizers.ScalametaTokenizer.uncachedTokenize(ScalametaTokenizer.scala:23)
	at scala.meta.internal.tokenizers.ScalametaTokenizer.$anonfun$tokenize$1(ScalametaTokenizer.scala:16)
	at scala.collection.concurrent.TrieMap.getOrElseUpdate(TrieMap.scala:960)
	at scala.meta.internal.tokenizers.ScalametaTokenizer.tokenize(ScalametaTokenizer.scala:16)
	at scala.meta.internal.tokenizers.ScalametaTokenizer$$anon$2.apply(ScalametaTokenizer.scala:331)
	at scala.meta.tokenizers.Api$XtensionTokenizeDialectInput.tokenize(Api.scala:25)
	at scala.meta.tokenizers.Api$XtensionTokenizeInputLike.tokenize(Api.scala:14)
	at scala.meta.internal.metals.SemanticTokensProvider$.getTokens(SemanticTokensProvider.scala:28)
	at scala.meta.internal.metals.SemanticTokensProvider$.provide(SemanticTokensProvider.scala:89)
	at scala.meta.internal.metals.Compilers.$anonfun$semanticTokens$3(Compilers.scala:514)
	at scala.concurrent.impl.Promise$Transformation.run(Promise.scala:467)
	at java.util.concurrent.ThreadPoolExecutor.runWorker(ThreadPoolExecutor.java:1144)
	at java.util.concurrent.ThreadPoolExecutor$Worker.run(ThreadPoolExecutor.java:642)
	at java.lang.Thread.run(Thread.java:1583)

2024.06.15 13:35:11 INFO  compiling fp_in_scala_f4dd477a3a (1 scala source)
2024.06.15 13:35:11 INFO  time: compiled FP_in_Scala_f4dd477a3a in 0.26s
2024.06.15 13:35:11 WARN  Could not load snapshot text for D:\UDEEPA\UCSC\2nd year\1st sem\SCS2204 Functional Programming\practical\1\FP_in_Scala\Prac_1\1.scala
2024.06.15 13:35:12 WARN  Could not load snapshot text for D:\UDEEPA\UCSC\2nd year\1st sem\SCS2204 Functional Programming\practical\1\FP_in_Scala\Prac_1\1.scala
2024.06.15 13:35:12 WARN  Could not load snapshot text for D:\UDEEPA\UCSC\2nd year\1st sem\SCS2204 Functional Programming\practical\1\FP_in_Scala\Prac_1\1.scala
2024.06.15 13:35:14 WARN  Could not load snapshot text for D:\UDEEPA\UCSC\2nd year\1st sem\SCS2204 Functional Programming\practical\1\FP_in_Scala\Prac_1\1.scala
2024.06.15 13:35:25 WARN  Could not load snapshot text for D:\UDEEPA\UCSC\2nd year\1st sem\SCS2204 Functional Programming\practical\1\FP_in_Scala\Prac_1\1.scala
2024.06.15 13:35:30 WARN  Could not load snapshot text for D:\UDEEPA\UCSC\2nd year\1st sem\SCS2204 Functional Programming\practical\1\FP_in_Scala\Prac_1\1.scala
2024.06.15 13:36:24 WARN  Could not load snapshot text for D:\UDEEPA\UCSC\2nd year\1st sem\SCS2204 Functional Programming\practical\1\FP_in_Scala\Prac_1\1.scala
2024.06.15 13:36:25 WARN  Could not load snapshot text for D:\UDEEPA\UCSC\2nd year\1st sem\SCS2204 Functional Programming\practical\1\FP_in_Scala\Prac_1\1.scala
2024.06.15 13:36:25 WARN  Could not load snapshot text for D:\UDEEPA\UCSC\2nd year\1st sem\SCS2204 Functional Programming\practical\1\FP_in_Scala\Prac_1\1.scala
2024.06.15 13:36:29 WARN  Could not load snapshot text for D:\UDEEPA\UCSC\2nd year\1st sem\SCS2204 Functional Programming\practical\1\FP_in_Scala\Prac_1\1.scala
2024.06.15 13:37:06 WARN  Could not load snapshot text for D:\UDEEPA\UCSC\2nd year\1st sem\SCS2204 Functional Programming\practical\1\FP_in_Scala\Prac_1\1.scala
2024.06.15 13:37:39 WARN  Could not load snapshot text for D:\UDEEPA\UCSC\2nd year\1st sem\SCS2204 Functional Programming\practical\1\FP_in_Scala\Prac_1\1.scala
2024.06.15 13:37:44 WARN  Could not load snapshot text for D:\UDEEPA\UCSC\2nd year\1st sem\SCS2204 Functional Programming\practical\1\FP_in_Scala\Prac_1\1.scala
2024.06.15 13:41:29 WARN  Could not load snapshot text for D:\UDEEPA\UCSC\2nd year\1st sem\SCS2204 Functional Programming\practical\1\FP_in_Scala\Prac_1\1.scala
2024.06.15 13:41:30 WARN  Could not load snapshot text for D:\UDEEPA\UCSC\2nd year\1st sem\SCS2204 Functional Programming\practical\1\FP_in_Scala\Prac_1\1.scala
2024.06.15 13:41:30 WARN  Could not load snapshot text for D:\UDEEPA\UCSC\2nd year\1st sem\SCS2204 Functional Programming\practical\1\FP_in_Scala\Prac_1\1.scala
2024.06.15 13:41:30 WARN  Could not load snapshot text for D:\UDEEPA\UCSC\2nd year\1st sem\SCS2204 Functional Programming\practical\1\FP_in_Scala\Prac_1\1.scala
2024.06.15 13:41:30 WARN  Could not load snapshot text for D:\UDEEPA\UCSC\2nd year\1st sem\SCS2204 Functional Programming\practical\1\FP_in_Scala\Prac_1\1.scala
2024.06.15 13:41:30 WARN  Could not load snapshot text for D:\UDEEPA\UCSC\2nd year\1st sem\SCS2204 Functional Programming\practical\1\FP_in_Scala\Prac_1\1.scala
2024.06.15 13:41:30 WARN  Could not load snapshot text for D:\UDEEPA\UCSC\2nd year\1st sem\SCS2204 Functional Programming\practical\1\FP_in_Scala\Prac_1\1.scala
2024.06.15 13:41:34 WARN  Could not load snapshot text for D:\UDEEPA\UCSC\2nd year\1st sem\SCS2204 Functional Programming\practical\1\FP_in_Scala\Prac_1\1.scala
2024.06.15 13:41:54 WARN  Could not load snapshot text for D:\UDEEPA\UCSC\2nd year\1st sem\SCS2204 Functional Programming\practical\1\FP_in_Scala\Prac_1\1.scala
2024.06.15 13:41:55 WARN  Could not load snapshot text for D:\UDEEPA\UCSC\2nd year\1st sem\SCS2204 Functional Programming\practical\1\FP_in_Scala\Prac_1\1.scala
2024.06.15 13:41:56 WARN  Could not load snapshot text for D:\UDEEPA\UCSC\2nd year\1st sem\SCS2204 Functional Programming\practical\1\FP_in_Scala\Prac_1\1.scala
2024.06.15 13:41:56 WARN  Could not load snapshot text for D:\UDEEPA\UCSC\2nd year\1st sem\SCS2204 Functional Programming\practical\1\FP_in_Scala\Prac_1\1.scala
2024.06.15 13:41:56 WARN  Could not load snapshot text for D:\UDEEPA\UCSC\2nd year\1st sem\SCS2204 Functional Programming\practical\1\FP_in_Scala\Prac_1\1.scala
2024.06.15 13:41:59 WARN  Could not load snapshot text for D:\UDEEPA\UCSC\2nd year\1st sem\SCS2204 Functional Programming\practical\1\FP_in_Scala\Prac_1\1.scala
2024.06.15 13:41:59 WARN  Could not load snapshot text for D:\UDEEPA\UCSC\2nd year\1st sem\SCS2204 Functional Programming\practical\1\FP_in_Scala\Prac_1\1.scala
2024.06.15 13:42:01 WARN  Could not load snapshot text for D:\UDEEPA\UCSC\2nd year\1st sem\SCS2204 Functional Programming\practical\1\FP_in_Scala\Prac_1\1.scala
2024.06.15 13:42:08 WARN  Could not load snapshot text for D:\UDEEPA\UCSC\2nd year\1st sem\SCS2204 Functional Programming\practical\1\FP_in_Scala\Prac_1\1.scala
2024.06.15 13:42:09 WARN  Could not load snapshot text for D:\UDEEPA\UCSC\2nd year\1st sem\SCS2204 Functional Programming\practical\1\FP_in_Scala\Prac_1\1.scala
2024.06.15 13:42:10 WARN  Could not load snapshot text for D:\UDEEPA\UCSC\2nd year\1st sem\SCS2204 Functional Programming\practical\1\FP_in_Scala\Prac_1\1.scala
Jun 15, 2024 1:42:12 PM scala.meta.internal.pc.CompilerAccess handleError
SEVERE: A severe compiler error occurred, full details of the error can be found in the error report D:\UDEEPA\UCSC\2nd year\1st sem\SCS2204 Functional Programming\practical\1\FP_in_Scala\.metals\.reports\metals-full\2024-06-15\r_compiler-error_(FP_in_Scala_f4dd477a3a)_13-42-12-033.md
2024.06.15 13:42:12 WARN  Could not find semantic tokens for: file:///D:/UDEEPA/UCSC/2nd%20year/1st%20sem/SCS2204%20Functional%20Programming/practical/1/FP_in_Scala/Prac_1/1.scala
2024.06.15 13:42:12 WARN  Could not load snapshot text for D:\UDEEPA\UCSC\2nd year\1st sem\SCS2204 Functional Programming\practical\1\FP_in_Scala\Prac_1\1.scala
2024.06.15 13:42:13 WARN  Could not load snapshot text for D:\UDEEPA\UCSC\2nd year\1st sem\SCS2204 Functional Programming\practical\1\FP_in_Scala\Prac_1\1.scala
2024.06.15 13:42:14 WARN  Could not load snapshot text for D:\UDEEPA\UCSC\2nd year\1st sem\SCS2204 Functional Programming\practical\1\FP_in_Scala\Prac_1\1.scala
2024.06.15 13:42:14 WARN  Could not load snapshot text for D:\UDEEPA\UCSC\2nd year\1st sem\SCS2204 Functional Programming\practical\1\FP_in_Scala\Prac_1\1.scala
2024.06.15 13:42:15 WARN  Could not load snapshot text for D:\UDEEPA\UCSC\2nd year\1st sem\SCS2204 Functional Programming\practical\1\FP_in_Scala\Prac_1\1.scala
2024.06.15 13:42:17 WARN  Could not load snapshot text for D:\UDEEPA\UCSC\2nd year\1st sem\SCS2204 Functional Programming\practical\1\FP_in_Scala\Prac_1\1.scala
2024.06.15 13:42:20 WARN  Could not load snapshot text for D:\UDEEPA\UCSC\2nd year\1st sem\SCS2204 Functional Programming\practical\1\FP_in_Scala\Prac_1\1.scala
2024.06.15 13:42:23 WARN  Could not load snapshot text for D:\UDEEPA\UCSC\2nd year\1st sem\SCS2204 Functional Programming\practical\1\FP_in_Scala\Prac_1\1.scala
2024.06.15 13:42:25 WARN  Could not load snapshot text for D:\UDEEPA\UCSC\2nd year\1st sem\SCS2204 Functional Programming\practical\1\FP_in_Scala\Prac_1\1.scala
Jun 15, 2024 1:42:25 PM org.eclipse.lsp4j.jsonrpc.RemoteEndpoint handleCancellation
WARNING: Unmatched cancel notification for request id 839
2024.06.15 13:42:25 WARN  Could not load snapshot text for D:\UDEEPA\UCSC\2nd year\1st sem\SCS2204 Functional Programming\practical\1\FP_in_Scala\Prac_1\1.scala
Jun 15, 2024 1:42:26 PM org.eclipse.lsp4j.jsonrpc.RemoteEndpoint handleCancellation
WARNING: Unmatched cancel notification for request id 844
2024.06.15 13:42:28 WARN  Could not load snapshot text for D:\UDEEPA\UCSC\2nd year\1st sem\SCS2204 Functional Programming\practical\1\FP_in_Scala\Prac_1\1.scala
2024.06.15 13:42:31 WARN  Could not load snapshot text for D:\UDEEPA\UCSC\2nd year\1st sem\SCS2204 Functional Programming\practical\1\FP_in_Scala\Prac_1\1.scala
2024.06.15 13:42:33 WARN  Could not load snapshot text for D:\UDEEPA\UCSC\2nd year\1st sem\SCS2204 Functional Programming\practical\1\FP_in_Scala\Prac_1\1.scala
2024.06.15 13:42:34 WARN  Could not load snapshot text for D:\UDEEPA\UCSC\2nd year\1st sem\SCS2204 Functional Programming\practical\1\FP_in_Scala\Prac_1\1.scala
2024.06.15 13:42:34 WARN  Could not load snapshot text for D:\UDEEPA\UCSC\2nd year\1st sem\SCS2204 Functional Programming\practical\1\FP_in_Scala\Prac_1\1.scala
2024.06.15 13:42:38 WARN  Could not load snapshot text for D:\UDEEPA\UCSC\2nd year\1st sem\SCS2204 Functional Programming\practical\1\FP_in_Scala\Prac_1\1.scala
2024.06.15 13:42:38 WARN  Could not load snapshot text for D:\UDEEPA\UCSC\2nd year\1st sem\SCS2204 Functional Programming\practical\1\FP_in_Scala\Prac_1\1.scala
2024.06.15 13:42:39 WARN  Could not load snapshot text for D:\UDEEPA\UCSC\2nd year\1st sem\SCS2204 Functional Programming\practical\1\FP_in_Scala\Prac_1\1.scala
2024.06.15 13:42:40 WARN  Could not load snapshot text for D:\UDEEPA\UCSC\2nd year\1st sem\SCS2204 Functional Programming\practical\1\FP_in_Scala\Prac_1\1.scala
2024.06.15 13:42:42 WARN  Could not load snapshot text for D:\UDEEPA\UCSC\2nd year\1st sem\SCS2204 Functional Programming\practical\1\FP_in_Scala\Prac_1\1.scala
2024.06.15 13:42:43 WARN  Could not load snapshot text for D:\UDEEPA\UCSC\2nd year\1st sem\SCS2204 Functional Programming\practical\1\FP_in_Scala\Prac_1\1.scala
2024.06.15 13:42:44 WARN  Could not load snapshot text for D:\UDEEPA\UCSC\2nd year\1st sem\SCS2204 Functional Programming\practical\1\FP_in_Scala\Prac_1\1.scala
2024.06.15 13:42:45 WARN  Could not load snapshot text for D:\UDEEPA\UCSC\2nd year\1st sem\SCS2204 Functional Programming\practical\1\FP_in_Scala\Prac_1\1.scala
2024.06.15 13:42:46 WARN  Could not load snapshot text for D:\UDEEPA\UCSC\2nd year\1st sem\SCS2204 Functional Programming\practical\1\FP_in_Scala\Prac_1\1.scala
2024.06.15 13:42:47 WARN  Could not load snapshot text for D:\UDEEPA\UCSC\2nd year\1st sem\SCS2204 Functional Programming\practical\1\FP_in_Scala\Prac_1\1.scala
2024.06.15 13:42:47 WARN  Could not load snapshot text for D:\UDEEPA\UCSC\2nd year\1st sem\SCS2204 Functional Programming\practical\1\FP_in_Scala\Prac_1\1.scala
2024.06.15 13:42:47 WARN  Could not load snapshot text for D:\UDEEPA\UCSC\2nd year\1st sem\SCS2204 Functional Programming\practical\1\FP_in_Scala\Prac_1\1.scala
2024.06.15 13:42:49 WARN  Could not load snapshot text for D:\UDEEPA\UCSC\2nd year\1st sem\SCS2204 Functional Programming\practical\1\FP_in_Scala\Prac_1\1.scala
2024.06.15 13:42:50 WARN  Could not load snapshot text for D:\UDEEPA\UCSC\2nd year\1st sem\SCS2204 Functional Programming\practical\1\FP_in_Scala\Prac_1\1.scala
2024.06.15 13:42:50 WARN  Could not load snapshot text for D:\UDEEPA\UCSC\2nd year\1st sem\SCS2204 Functional Programming\practical\1\FP_in_Scala\Prac_1\1.scala
2024.06.15 13:42:50 WARN  Could not load snapshot text for D:\UDEEPA\UCSC\2nd year\1st sem\SCS2204 Functional Programming\practical\1\FP_in_Scala\Prac_1\1.scala
2024.06.15 13:42:52 WARN  Could not load snapshot text for D:\UDEEPA\UCSC\2nd year\1st sem\SCS2204 Functional Programming\practical\1\FP_in_Scala\Prac_1\1.scala
2024.06.15 13:42:52 WARN  Could not load snapshot text for D:\UDEEPA\UCSC\2nd year\1st sem\SCS2204 Functional Programming\practical\1\FP_in_Scala\Prac_1\1.scala
2024.06.15 13:42:53 WARN  Could not load snapshot text for D:\UDEEPA\UCSC\2nd year\1st sem\SCS2204 Functional Programming\practical\1\FP_in_Scala\Prac_1\1.scala
2024.06.15 13:42:54 ERROR Failed to tokenize input for semantic tokens for D:\UDEEPA\UCSC\2nd year\1st sem\SCS2204 Functional Programming\practical\1\FP_in_Scala\Prac_1\1.scala
scala.meta.tokenizers.TokenizeException: <input>:9: error: Invalid literal number, followed by identifier character
<<<<<<<  b7640938-cf61-4d14-9173-c2893b7e2fe4  >>>>>>>
                         ^
	at scala.meta.internal.tokenizers.Reporter.syntaxError(Reporter.scala:23)
	at scala.meta.internal.tokenizers.Reporter.syntaxError$(Reporter.scala:23)
	at scala.meta.internal.tokenizers.Reporter$$anon$1.syntaxError(Reporter.scala:33)
	at scala.meta.internal.tokenizers.Reporter.syntaxError(Reporter.scala:25)
	at scala.meta.internal.tokenizers.Reporter.syntaxError$(Reporter.scala:25)
	at scala.meta.internal.tokenizers.Reporter$$anon$1.syntaxError(Reporter.scala:33)
	at scala.meta.internal.tokenizers.LegacyScanner.checkNoLetter(LegacyScanner.scala:834)
	at scala.meta.internal.tokenizers.LegacyScanner.setFractionDone(LegacyScanner.scala:828)
	at scala.meta.internal.tokenizers.LegacyScanner.getNumber(LegacyScanner.scala:864)
	at scala.meta.internal.tokenizers.LegacyScanner.fetchToken(LegacyScanner.scala:342)
	at scala.meta.internal.tokenizers.LegacyScanner.nextToken(LegacyScanner.scala:214)
	at scala.meta.internal.tokenizers.LegacyScanner.foreach(LegacyScanner.scala:982)
	at scala.meta.internal.tokenizers.ScalametaTokenizer.uncachedTokenize(ScalametaTokenizer.scala:23)
	at scala.meta.internal.tokenizers.ScalametaTokenizer.$anonfun$tokenize$1(ScalametaTokenizer.scala:16)
	at scala.collection.concurrent.TrieMap.getOrElseUpdate(TrieMap.scala:960)
	at scala.meta.internal.tokenizers.ScalametaTokenizer.tokenize(ScalametaTokenizer.scala:16)
	at scala.meta.internal.tokenizers.ScalametaTokenizer$$anon$2.apply(ScalametaTokenizer.scala:331)
	at scala.meta.tokenizers.Api$XtensionTokenizeDialectInput.tokenize(Api.scala:25)
	at scala.meta.tokenizers.Api$XtensionTokenizeInputLike.tokenize(Api.scala:14)
	at scala.meta.internal.metals.SemanticTokensProvider$.getTokens(SemanticTokensProvider.scala:28)
	at scala.meta.internal.metals.SemanticTokensProvider$.provide(SemanticTokensProvider.scala:89)
	at scala.meta.internal.metals.Compilers.$anonfun$semanticTokens$3(Compilers.scala:514)
	at scala.concurrent.impl.Promise$Transformation.run(Promise.scala:467)
	at java.util.concurrent.ThreadPoolExecutor.runWorker(ThreadPoolExecutor.java:1144)
	at java.util.concurrent.ThreadPoolExecutor$Worker.run(ThreadPoolExecutor.java:642)
	at java.lang.Thread.run(Thread.java:1583)

Jun 15, 2024 1:42:54 PM org.eclipse.lsp4j.jsonrpc.RemoteEndpoint handleCancellation
WARNING: Unmatched cancel notification for request id 878
2024.06.15 13:42:54 WARN  Could not load snapshot text for D:\UDEEPA\UCSC\2nd year\1st sem\SCS2204 Functional Programming\practical\1\FP_in_Scala\Prac_1\1.scala
2024.06.15 13:42:54 ERROR Failed to tokenize input for semantic tokens for D:\UDEEPA\UCSC\2nd year\1st sem\SCS2204 Functional Programming\practical\1\FP_in_Scala\Prac_1\1.scala
scala.meta.tokenizers.TokenizeException: <input>:10: error: Invalid literal number, followed by identifier character
<<<<<<<  b7640938-cf61-4d14-9173-c2893b7e2fe4  >>>>>>>
                         ^
	at scala.meta.internal.tokenizers.Reporter.syntaxError(Reporter.scala:23)
	at scala.meta.internal.tokenizers.Reporter.syntaxError$(Reporter.scala:23)
	at scala.meta.internal.tokenizers.Reporter$$anon$1.syntaxError(Reporter.scala:33)
	at scala.meta.internal.tokenizers.Reporter.syntaxError(Reporter.scala:25)
	at scala.meta.internal.tokenizers.Reporter.syntaxError$(Reporter.scala:25)
	at scala.meta.internal.tokenizers.Reporter$$anon$1.syntaxError(Reporter.scala:33)
	at scala.meta.internal.tokenizers.LegacyScanner.checkNoLetter(LegacyScanner.scala:834)
	at scala.meta.internal.tokenizers.LegacyScanner.setFractionDone(LegacyScanner.scala:828)
	at scala.meta.internal.tokenizers.LegacyScanner.getNumber(LegacyScanner.scala:864)
	at scala.meta.internal.tokenizers.LegacyScanner.fetchToken(LegacyScanner.scala:342)
	at scala.meta.internal.tokenizers.LegacyScanner.nextToken(LegacyScanner.scala:214)
	at scala.meta.internal.tokenizers.LegacyScanner.foreach(LegacyScanner.scala:982)
	at scala.meta.internal.tokenizers.ScalametaTokenizer.uncachedTokenize(ScalametaTokenizer.scala:23)
	at scala.meta.internal.tokenizers.ScalametaTokenizer.$anonfun$tokenize$1(ScalametaTokenizer.scala:16)
	at scala.collection.concurrent.TrieMap.getOrElseUpdate(TrieMap.scala:960)
	at scala.meta.internal.tokenizers.ScalametaTokenizer.tokenize(ScalametaTokenizer.scala:16)
	at scala.meta.internal.tokenizers.ScalametaTokenizer$$anon$2.apply(ScalametaTokenizer.scala:331)
	at scala.meta.tokenizers.Api$XtensionTokenizeDialectInput.tokenize(Api.scala:25)
	at scala.meta.tokenizers.Api$XtensionTokenizeInputLike.tokenize(Api.scala:14)
	at scala.meta.internal.metals.SemanticTokensProvider$.getTokens(SemanticTokensProvider.scala:28)
	at scala.meta.internal.metals.SemanticTokensProvider$.provide(SemanticTokensProvider.scala:89)
	at scala.meta.internal.metals.Compilers.$anonfun$semanticTokens$3(Compilers.scala:514)
	at scala.concurrent.impl.Promise$Transformation.run(Promise.scala:467)
	at java.util.concurrent.ThreadPoolExecutor.runWorker(ThreadPoolExecutor.java:1144)
	at java.util.concurrent.ThreadPoolExecutor$Worker.run(ThreadPoolExecutor.java:642)
	at java.lang.Thread.run(Thread.java:1583)

2024.06.15 13:42:55 WARN  Could not load snapshot text for D:\UDEEPA\UCSC\2nd year\1st sem\SCS2204 Functional Programming\practical\1\FP_in_Scala\Prac_1\1.scala
2024.06.15 13:42:58 WARN  Could not load snapshot text for D:\UDEEPA\UCSC\2nd year\1st sem\SCS2204 Functional Programming\practical\1\FP_in_Scala\Prac_1\1.scala
2024.06.15 13:42:58 WARN  Could not load snapshot text for D:\UDEEPA\UCSC\2nd year\1st sem\SCS2204 Functional Programming\practical\1\FP_in_Scala\Prac_1\1.scala
2024.06.15 13:42:59 WARN  Could not load snapshot text for D:\UDEEPA\UCSC\2nd year\1st sem\SCS2204 Functional Programming\practical\1\FP_in_Scala\Prac_1\1.scala
2024.06.15 13:43:03 WARN  Could not load snapshot text for D:\UDEEPA\UCSC\2nd year\1st sem\SCS2204 Functional Programming\practical\1\FP_in_Scala\Prac_1\1.scala
2024.06.15 13:43:04 WARN  Could not load snapshot text for D:\UDEEPA\UCSC\2nd year\1st sem\SCS2204 Functional Programming\practical\1\FP_in_Scala\Prac_1\1.scala
2024.06.15 13:43:06 WARN  Could not load snapshot text for D:\UDEEPA\UCSC\2nd year\1st sem\SCS2204 Functional Programming\practical\1\FP_in_Scala\Prac_1\1.scala
2024.06.15 13:43:07 WARN  Could not load snapshot text for D:\UDEEPA\UCSC\2nd year\1st sem\SCS2204 Functional Programming\practical\1\FP_in_Scala\Prac_1\1.scala
2024.06.15 13:43:07 WARN  Could not load snapshot text for D:\UDEEPA\UCSC\2nd year\1st sem\SCS2204 Functional Programming\practical\1\FP_in_Scala\Prac_1\1.scala
2024.06.15 13:43:09 WARN  Could not load snapshot text for D:\UDEEPA\UCSC\2nd year\1st sem\SCS2204 Functional Programming\practical\1\FP_in_Scala\Prac_1\1.scala
2024.06.15 13:43:11 WARN  Could not load snapshot text for D:\UDEEPA\UCSC\2nd year\1st sem\SCS2204 Functional Programming\practical\1\FP_in_Scala\Prac_1\1.scala
2024.06.15 13:43:12 WARN  Could not load snapshot text for D:\UDEEPA\UCSC\2nd year\1st sem\SCS2204 Functional Programming\practical\1\FP_in_Scala\Prac_1\1.scala
2024.06.15 13:43:13 WARN  Could not load snapshot text for D:\UDEEPA\UCSC\2nd year\1st sem\SCS2204 Functional Programming\practical\1\FP_in_Scala\Prac_1\1.scala
2024.06.15 13:43:15 WARN  Could not load snapshot text for D:\UDEEPA\UCSC\2nd year\1st sem\SCS2204 Functional Programming\practical\1\FP_in_Scala\Prac_1\1.scala
2024.06.15 13:43:20 WARN  Could not load snapshot text for D:\UDEEPA\UCSC\2nd year\1st sem\SCS2204 Functional Programming\practical\1\FP_in_Scala\Prac_1\1.scala
2024.06.15 13:47:33 WARN  Could not load snapshot text for D:\UDEEPA\UCSC\2nd year\1st sem\SCS2204 Functional Programming\practical\1\FP_in_Scala\Prac_1\1.scala
2024.06.15 13:47:38 WARN  Could not load snapshot text for D:\UDEEPA\UCSC\2nd year\1st sem\SCS2204 Functional Programming\practical\1\FP_in_Scala\Prac_1\1.scala
2024.06.15 13:49:55 WARN  Could not load snapshot text for D:\UDEEPA\UCSC\2nd year\1st sem\SCS2204 Functional Programming\practical\1\FP_in_Scala\Prac_1\1.scala
2024.06.15 13:49:56 WARN  Could not load snapshot text for D:\UDEEPA\UCSC\2nd year\1st sem\SCS2204 Functional Programming\practical\1\FP_in_Scala\Prac_1\1.scala
2024.06.15 13:49:56 WARN  Could not load snapshot text for D:\UDEEPA\UCSC\2nd year\1st sem\SCS2204 Functional Programming\practical\1\FP_in_Scala\Prac_1\1.scala
2024.06.15 13:49:58 WARN  Could not load snapshot text for D:\UDEEPA\UCSC\2nd year\1st sem\SCS2204 Functional Programming\practical\1\FP_in_Scala\Prac_1\1.scala
2024.06.15 13:49:59 WARN  Could not load snapshot text for D:\UDEEPA\UCSC\2nd year\1st sem\SCS2204 Functional Programming\practical\1\FP_in_Scala\Prac_1\1.scala
2024.06.15 13:50:00 WARN  Could not load snapshot text for D:\UDEEPA\UCSC\2nd year\1st sem\SCS2204 Functional Programming\practical\1\FP_in_Scala\Prac_1\1.scala
2024.06.15 13:50:01 WARN  Could not load snapshot text for D:\UDEEPA\UCSC\2nd year\1st sem\SCS2204 Functional Programming\practical\1\FP_in_Scala\Prac_1\1.scala
2024.06.15 13:50:01 WARN  Could not load snapshot text for D:\UDEEPA\UCSC\2nd year\1st sem\SCS2204 Functional Programming\practical\1\FP_in_Scala\Prac_1\1.scala
2024.06.15 13:50:02 WARN  Could not load snapshot text for D:\UDEEPA\UCSC\2nd year\1st sem\SCS2204 Functional Programming\practical\1\FP_in_Scala\Prac_1\1.scala
2024.06.15 13:50:03 WARN  Could not load snapshot text for D:\UDEEPA\UCSC\2nd year\1st sem\SCS2204 Functional Programming\practical\1\FP_in_Scala\Prac_1\1.scala
2024.06.15 13:50:04 WARN  Could not load snapshot text for D:\UDEEPA\UCSC\2nd year\1st sem\SCS2204 Functional Programming\practical\1\FP_in_Scala\Prac_1\1.scala
2024.06.15 13:50:07 WARN  Could not load snapshot text for D:\UDEEPA\UCSC\2nd year\1st sem\SCS2204 Functional Programming\practical\1\FP_in_Scala\Prac_1\1.scala
2024.06.15 13:50:07 WARN  Could not load snapshot text for D:\UDEEPA\UCSC\2nd year\1st sem\SCS2204 Functional Programming\practical\1\FP_in_Scala\Prac_1\1.scala
2024.06.15 13:50:17 WARN  Could not load snapshot text for D:\UDEEPA\UCSC\2nd year\1st sem\SCS2204 Functional Programming\practical\1\FP_in_Scala\Prac_1\1.scala
2024.06.15 13:50:17 WARN  Could not load snapshot text for D:\UDEEPA\UCSC\2nd year\1st sem\SCS2204 Functional Programming\practical\1\FP_in_Scala\Prac_1\1.scala
2024.06.15 13:50:17 WARN  Could not load snapshot text for D:\UDEEPA\UCSC\2nd year\1st sem\SCS2204 Functional Programming\practical\1\FP_in_Scala\Prac_1\1.scala
2024.06.15 13:50:17 WARN  Flyway upgrade recommended: H2 2.2.224 is newer than this version of Flyway and support has not been tested. The latest supported version of H2 is 2.2.220.
2024.06.15 13:50:18 INFO  no build target found for /scala/Predef.scala. Using presentation compiler with project's scala-library version: 3.3.3
2024.06.15 13:50:19 INFO  compiling fp_in_scala_f4dd477a3a (1 scala source)
2024.06.15 13:50:21 INFO  time: compiled FP_in_Scala_f4dd477a3a in 1.73s
Jun 15, 2024 1:50:24 PM scala.meta.internal.pc.CompilerAccess handleError
SEVERE: A severe compiler error occurred, full details of the error can be found in the error report C:\Users\ASUS\AppData\Local\Temp\fallback-service11094168172446434921\.metals\.reports\metals-full\2024-06-15\r_compiler-error_13-50-24-172.md
2024.06.15 13:52:03 INFO  no build target found for D:\UDEEPA\UCSC\2nd year\1st sem\SCS2204 Functional Programming\practical\1\FP_in_Scala\Prac_1\2.scala. Using presentation compiler with project's scala-library version: 3.3.3
2024.06.15 13:52:03 INFO  no build target found for D:\UDEEPA\UCSC\2nd year\1st sem\SCS2204 Functional Programming\practical\1\FP_in_Scala\Prac_1\2.scala. Using presentation compiler with project's scala-library version: 3.3.3
2024.06.15 13:52:03 WARN  Could not find semantic tokens for: file:///D:/UDEEPA/UCSC/2nd%20year/1st%20sem/SCS2204%20Functional%20Programming/practical/1/FP_in_Scala/Prac_1/2.scala
2024.06.15 13:52:04 INFO  compiling fp_in_scala_f4dd477a3a (1 scala source)
2024.06.15 13:52:04 INFO  time: compiled FP_in_Scala_f4dd477a3a in 0.26s
2024.06.15 13:52:09 INFO  time: indexed workspace in 5.37s
2024.06.15 13:52:14 WARN  Could not find semantic tokens for: file:///D:/UDEEPA/UCSC/2nd%20year/1st%20sem/SCS2204%20Functional%20Programming/practical/1/FP_in_Scala/Prac_1/2.scala
2024.06.15 13:56:04 WARN  Could not find semantic tokens for: file:///D:/UDEEPA/UCSC/2nd%20year/1st%20sem/SCS2204%20Functional%20Programming/practical/1/FP_in_Scala/Prac_1/2.scala
2024.06.15 13:56:06 WARN  Could not find semantic tokens for: file:///D:/UDEEPA/UCSC/2nd%20year/1st%20sem/SCS2204%20Functional%20Programming/practical/1/FP_in_Scala/Prac_1/2.scala
2024.06.15 13:56:07 WARN  Could not find semantic tokens for: file:///D:/UDEEPA/UCSC/2nd%20year/1st%20sem/SCS2204%20Functional%20Programming/practical/1/FP_in_Scala/Prac_1/2.scala
2024.06.15 13:56:08 WARN  Could not find semantic tokens for: file:///D:/UDEEPA/UCSC/2nd%20year/1st%20sem/SCS2204%20Functional%20Programming/practical/1/FP_in_Scala/Prac_1/2.scala
Jun 15, 2024 1:56:08 PM org.eclipse.lsp4j.jsonrpc.RemoteEndpoint handleCancellation
WARNING: Unmatched cancel notification for request id 1060
2024.06.15 13:56:08 WARN  Could not find semantic tokens for: file:///D:/UDEEPA/UCSC/2nd%20year/1st%20sem/SCS2204%20Functional%20Programming/practical/1/FP_in_Scala/Prac_1/2.scala
2024.06.15 13:56:08 WARN  Could not find semantic tokens for: file:///D:/UDEEPA/UCSC/2nd%20year/1st%20sem/SCS2204%20Functional%20Programming/practical/1/FP_in_Scala/Prac_1/2.scala
2024.06.15 13:56:09 WARN  Could not find semantic tokens for: file:///D:/UDEEPA/UCSC/2nd%20year/1st%20sem/SCS2204%20Functional%20Programming/practical/1/FP_in_Scala/Prac_1/2.scala
2024.06.15 13:56:10 WARN  Could not find semantic tokens for: file:///D:/UDEEPA/UCSC/2nd%20year/1st%20sem/SCS2204%20Functional%20Programming/practical/1/FP_in_Scala/Prac_1/2.scala
2024.06.15 13:56:11 WARN  Could not find semantic tokens for: file:///D:/UDEEPA/UCSC/2nd%20year/1st%20sem/SCS2204%20Functional%20Programming/practical/1/FP_in_Scala/Prac_1/2.scala
2024.06.15 13:56:10 WARN  Could not find semantic tokens for: file:///D:/UDEEPA/UCSC/2nd%20year/1st%20sem/SCS2204%20Functional%20Programming/practical/1/FP_in_Scala/Prac_1/2.scala
2024.06.15 13:56:14 WARN  Could not find semantic tokens for: file:///D:/UDEEPA/UCSC/2nd%20year/1st%20sem/SCS2204%20Functional%20Programming/practical/1/FP_in_Scala/Prac_1/2.scala
Jun 15, 2024 1:56:23 PM org.eclipse.lsp4j.jsonrpc.RemoteEndpoint handleCancellation
WARNING: Unmatched cancel notification for request id 1171
Jun 15, 2024 1:58:44 PM org.eclipse.lsp4j.jsonrpc.RemoteEndpoint handleCancellation
WARNING: Unmatched cancel notification for request id 1659
2024.06.15 13:58:53 INFO  no build target found for /scala/Double.scala. Using presentation compiler with project's scala-library version: 3.3.3
2024.06.15 13:58:55 INFO  compiling fp_in_scala_f4dd477a3a (1 scala source)
2024.06.15 13:58:55 INFO  time: compiled FP_in_Scala_f4dd477a3a in 0.89s
2024.06.15 13:59:22 INFO  no build target found for /scala/Predef.scala. Using presentation compiler with project's scala-library version: 3.3.3
2024.06.15 14:03:24 INFO  compiling fp_in_scala_f4dd477a3a (1 scala source)
2024.06.15 14:03:24 INFO  compiling fp_in_scala_f4dd477a3a (3 scala sources)
2024.06.15 14:03:25 INFO  time: compiled FP_in_Scala_f4dd477a3a in 0.72s
2024.06.15 14:03:25 INFO  compiling fp_in_scala_f4dd477a3a (1 scala source)
2024.06.15 14:03:26 WARN  Could not find semantic tokens for: file:///D:/UDEEPA/UCSC/2nd%20year/1st%20sem/SCS2204%20Functional%20Programming/practical/1/FP_in_Scala/Prac_1/3.scala
2024.06.15 14:03:25 INFO  time: compiled FP_in_Scala_f4dd477a3a in 0.14s
2024.06.15 14:03:25 INFO  compiling fp_in_scala_f4dd477a3a (3 scala sources)
2024.06.15 14:03:25 INFO  time: compiled FP_in_Scala_f4dd477a3a in 0.26s
2024.06.15 14:03:30 INFO  time: indexed workspace in 5.35s
2024.06.15 14:18:29 INFO  compiling fp_in_scala_f4dd477a3a (1 scala source)
2024.06.15 14:18:29 INFO  time: compiled FP_in_Scala_f4dd477a3a in 83ms
2024.06.15 14:18:29 INFO  compiling fp_in_scala_f4dd477a3a (3 scala sources)
2024.06.15 14:18:29 INFO  time: compiled FP_in_Scala_f4dd477a3a in 0.26s
2024.06.15 14:18:30 WARN  Could not find semantic tokens for: file:///D:/UDEEPA/UCSC/2nd%20year/1st%20sem/SCS2204%20Functional%20Programming/practical/1/FP_in_Scala/Prac_1/3.scala
2024.06.15 14:18:31 WARN  Could not find semantic tokens for: file:///D:/UDEEPA/UCSC/2nd%20year/1st%20sem/SCS2204%20Functional%20Programming/practical/1/FP_in_Scala/Prac_1/3.scala
2024.06.15 14:18:31 WARN  Could not find semantic tokens for: file:///D:/UDEEPA/UCSC/2nd%20year/1st%20sem/SCS2204%20Functional%20Programming/practical/1/FP_in_Scala/Prac_1/3.scala
Jun 15, 2024 2:18:37 PM org.eclipse.lsp4j.jsonrpc.RemoteEndpoint handleCancellation
WARNING: Unmatched cancel notification for request id 1777
Jun 15, 2024 2:18:51 PM org.eclipse.lsp4j.jsonrpc.RemoteEndpoint handleCancellation
WARNING: Unmatched cancel notification for request id 1850
Jun 15, 2024 2:19:58 PM org.eclipse.lsp4j.jsonrpc.RemoteEndpoint handleCancellation
WARNING: Unmatched cancel notification for request id 2183
Jun 15, 2024 2:20:09 PM org.eclipse.lsp4j.jsonrpc.RemoteEndpoint handleCancellation
WARNING: Unmatched cancel notification for request id 2297
Jun 15, 2024 2:20:52 PM org.eclipse.lsp4j.jsonrpc.RemoteEndpoint handleCancellation
WARNING: Unmatched cancel notification for request id 2519
2024.06.15 14:20:56 ERROR Failed to tokenize input for semantic tokens for D:\UDEEPA\UCSC\2nd year\1st sem\SCS2204 Functional Programming\practical\1\FP_in_Scala\Prac_1\3.scala
scala.meta.tokenizers.TokenizeException: <input>:8: error: unclosed string interpolation
        println(s"Volume is : $")
                  ^
	at scala.meta.internal.tokenizers.Reporter.syntaxError(Reporter.scala:23)
	at scala.meta.internal.tokenizers.Reporter.syntaxError$(Reporter.scala:23)
	at scala.meta.internal.tokenizers.Reporter$$anon$1.syntaxError(Reporter.scala:33)
	at scala.meta.internal.tokenizers.Reporter.syntaxError(Reporter.scala:25)
	at scala.meta.internal.tokenizers.Reporter.syntaxError$(Reporter.scala:25)
	at scala.meta.internal.tokenizers.Reporter$$anon$1.syntaxError(Reporter.scala:33)
	at scala.meta.internal.tokenizers.LegacyScanner.getStringPart(LegacyScanner.scala:666)
	at scala.meta.internal.tokenizers.LegacyScanner.fetchDoubleQuote$1(LegacyScanner.scala:364)
	at scala.meta.internal.tokenizers.LegacyScanner.fetchToken(LegacyScanner.scala:383)
	at scala.meta.internal.tokenizers.LegacyScanner.nextToken(LegacyScanner.scala:214)
	at scala.meta.internal.tokenizers.LegacyScanner.foreach(LegacyScanner.scala:982)
	at scala.meta.internal.tokenizers.ScalametaTokenizer.uncachedTokenize(ScalametaTokenizer.scala:23)
	at scala.meta.internal.tokenizers.ScalametaTokenizer.$anonfun$tokenize$1(ScalametaTokenizer.scala:16)
	at scala.collection.concurrent.TrieMap.getOrElseUpdate(TrieMap.scala:960)
	at scala.meta.internal.tokenizers.ScalametaTokenizer.tokenize(ScalametaTokenizer.scala:16)
	at scala.meta.internal.tokenizers.ScalametaTokenizer$$anon$2.apply(ScalametaTokenizer.scala:331)
	at scala.meta.tokenizers.Api$XtensionTokenizeDialectInput.tokenize(Api.scala:25)
	at scala.meta.tokenizers.Api$XtensionTokenizeInputLike.tokenize(Api.scala:14)
	at scala.meta.internal.metals.SemanticTokensProvider$.getTokens(SemanticTokensProvider.scala:28)
	at scala.meta.internal.metals.SemanticTokensProvider$.provide(SemanticTokensProvider.scala:89)
	at scala.meta.internal.metals.Compilers.$anonfun$semanticTokens$3(Compilers.scala:514)
	at scala.concurrent.impl.Promise$Transformation.run(Promise.scala:467)
	at java.util.concurrent.ThreadPoolExecutor.runWorker(ThreadPoolExecutor.java:1144)
	at java.util.concurrent.ThreadPoolExecutor$Worker.run(ThreadPoolExecutor.java:642)
	at java.lang.Thread.run(Thread.java:1583)

2024.06.15 14:20:57 ERROR Failed to tokenize input for semantic tokens for D:\UDEEPA\UCSC\2nd year\1st sem\SCS2204 Functional Programming\practical\1\FP_in_Scala\Prac_1\3.scala
scala.meta.tokenizers.TokenizeException: <input>:8: error: invalid unquote: `$'ident, `$'BlockExpr, `$'this or `$'_ expected
        println(s"Volume is : $val")
                               ^
	at scala.meta.internal.tokenizers.Reporter.syntaxError(Reporter.scala:23)
	at scala.meta.internal.tokenizers.Reporter.syntaxError$(Reporter.scala:23)
	at scala.meta.internal.tokenizers.Reporter$$anon$1.syntaxError(Reporter.scala:33)
	at scala.meta.internal.tokenizers.Reporter.syntaxError(Reporter.scala:25)
	at scala.meta.internal.tokenizers.Reporter.syntaxError$(Reporter.scala:25)
	at scala.meta.internal.tokenizers.Reporter$$anon$1.syntaxError(Reporter.scala:33)
	at scala.meta.internal.tokenizers.LegacyScanner.$anonfun$getStringPart$1(LegacyScanner.scala:601)
	at scala.meta.internal.tokenizers.LegacyScanner.$anonfun$getStringPart$1$adapted(LegacyScanner.scala:597)
	at scala.meta.internal.tokenizers.LegacyTokenData.$anonfun$setIdentifier$1(LegacyTokenData.scala:114)
	at scala.runtime.java8.JFunction1$mcVI$sp.apply(JFunction1$mcVI$sp.scala:18)
	at scala.Option.foreach(Option.scala:437)
	at scala.meta.internal.tokenizers.LegacyTokenData.setIdentifier(LegacyTokenData.scala:105)
	at scala.meta.internal.tokenizers.LegacyTokenData.setIdentifier$(LegacyTokenData.scala:99)
	at scala.meta.internal.tokenizers.LegacyScanner$$anon$2.setIdentifier(LegacyScanner.scala:18)
	at scala.meta.internal.tokenizers.LegacyScanner.identifier$1(LegacyScanner.scala:597)
	at scala.meta.internal.tokenizers.LegacyScanner.getStringPart(LegacyScanner.scala:651)
	at scala.meta.internal.tokenizers.LegacyScanner.fetchDoubleQuote$1(LegacyScanner.scala:364)
	at scala.meta.internal.tokenizers.LegacyScanner.fetchToken(LegacyScanner.scala:383)
	at scala.meta.internal.tokenizers.LegacyScanner.nextToken(LegacyScanner.scala:214)
	at scala.meta.internal.tokenizers.LegacyScanner.foreach(LegacyScanner.scala:982)
	at scala.meta.internal.tokenizers.ScalametaTokenizer.uncachedTokenize(ScalametaTokenizer.scala:23)
	at scala.meta.internal.tokenizers.ScalametaTokenizer.$anonfun$tokenize$1(ScalametaTokenizer.scala:16)
	at scala.collection.concurrent.TrieMap.getOrElseUpdate(TrieMap.scala:960)
	at scala.meta.internal.tokenizers.ScalametaTokenizer.tokenize(ScalametaTokenizer.scala:16)
	at scala.meta.internal.tokenizers.ScalametaTokenizer$$anon$2.apply(ScalametaTokenizer.scala:331)
	at scala.meta.tokenizers.Api$XtensionTokenizeDialectInput.tokenize(Api.scala:25)
	at scala.meta.tokenizers.Api$XtensionTokenizeInputLike.tokenize(Api.scala:14)
	at scala.meta.internal.metals.SemanticTokensProvider$.getTokens(SemanticTokensProvider.scala:28)
	at scala.meta.internal.metals.SemanticTokensProvider$.provide(SemanticTokensProvider.scala:89)
	at scala.meta.internal.metals.Compilers.$anonfun$semanticTokens$3(Compilers.scala:514)
	at scala.concurrent.impl.Promise$Transformation.run(Promise.scala:467)
	at java.util.concurrent.ThreadPoolExecutor.runWorker(ThreadPoolExecutor.java:1144)
	at java.util.concurrent.ThreadPoolExecutor$Worker.run(ThreadPoolExecutor.java:642)
	at java.lang.Thread.run(Thread.java:1583)

Jun 15, 2024 2:20:59 PM org.eclipse.lsp4j.jsonrpc.RemoteEndpoint handleCancellation
WARNING: Unmatched cancel notification for request id 2568
2024.06.15 14:21:01 INFO  compiling fp_in_scala_f4dd477a3a (1 scala source)
2024.06.15 14:21:01 INFO  time: compiled FP_in_Scala_f4dd477a3a in 0.28s
Jun 15, 2024 2:21:08 PM org.eclipse.lsp4j.jsonrpc.RemoteEndpoint handleCancellation
WARNING: Unmatched cancel notification for request id 2592
2024.06.15 14:21:13 INFO  compiling fp_in_scala_f4dd477a3a (1 scala source)
2024.06.15 14:21:13 INFO  time: compiled FP_in_Scala_f4dd477a3a in 0.55s
2024.06.15 14:21:13 INFO  compiling fp_in_scala_f4dd477a3a (3 scala sources)
2024.06.15 14:21:13 INFO  time: compiled FP_in_Scala_f4dd477a3a in 0.33s
2024.06.15 14:21:45 INFO  compiling fp_in_scala_f4dd477a3a (1 scala source)
2024.06.15 14:21:45 INFO  time: compiled FP_in_Scala_f4dd477a3a in 0.53s
2024.06.15 14:21:45 INFO  compiling fp_in_scala_f4dd477a3a (3 scala sources)
2024.06.15 14:21:45 INFO  time: compiled FP_in_Scala_f4dd477a3a in 0.33s
Jun 15, 2024 2:21:53 PM org.eclipse.lsp4j.jsonrpc.RemoteEndpoint handleCancellation
WARNING: Unmatched cancel notification for request id 2656
Jun 15, 2024 2:22:06 PM org.eclipse.lsp4j.jsonrpc.RemoteEndpoint handleCancellation
WARNING: Unmatched cancel notification for request id 2673
Jun 15, 2024 2:22:07 PM org.eclipse.lsp4j.jsonrpc.RemoteEndpoint handleCancellation
WARNING: Unmatched cancel notification for request id 2681
Jun 15, 2024 2:22:11 PM org.eclipse.lsp4j.jsonrpc.RemoteEndpoint handleCancellation
WARNING: Unmatched cancel notification for request id 2698
Jun 15, 2024 2:22:12 PM org.eclipse.lsp4j.jsonrpc.RemoteEndpoint handleCancellation
WARNING: Unmatched cancel notification for request id 2707
Jun 15, 2024 2:22:17 PM org.eclipse.lsp4j.jsonrpc.RemoteEndpoint handleCancellation
WARNING: Unmatched cancel notification for request id 2735
2024.06.15 14:22:22 INFO  compiling fp_in_scala_f4dd477a3a (1 scala source)
Jun 15, 2024 2:22:22 PM org.eclipse.lsp4j.jsonrpc.RemoteEndpoint handleCancellation
WARNING: Unmatched cancel notification for request id 2768
2024.06.15 14:22:22 INFO  time: compiled FP_in_Scala_f4dd477a3a in 0.46s
2024.06.15 14:22:22 INFO  compiling fp_in_scala_f4dd477a3a (3 scala sources)
2024.06.15 14:22:22 INFO  time: compiled FP_in_Scala_f4dd477a3a in 0.42s
Jun 15, 2024 2:22:26 PM org.eclipse.lsp4j.jsonrpc.RemoteEndpoint handleCancellation
WARNING: Unmatched cancel notification for request id 2781
2024.06.15 14:22:27 INFO  compiling fp_in_scala_f4dd477a3a (3 scala sources)
2024.06.15 14:22:28 INFO  time: compiled FP_in_Scala_f4dd477a3a in 1.75s
Jun 15, 2024 2:22:39 PM org.eclipse.lsp4j.jsonrpc.RemoteEndpoint handleCancellation
WARNING: Unmatched cancel notification for request id 2796
2024.06.15 14:22:40 INFO  compiling fp_in_scala_f4dd477a3a (1 scala source)
2024.06.15 14:22:40 INFO  time: compiled FP_in_Scala_f4dd477a3a in 0.33s
Jun 15, 2024 2:22:47 PM org.eclipse.lsp4j.jsonrpc.RemoteEndpoint handleCancellation
WARNING: Unmatched cancel notification for request id 2806
2024.06.15 14:24:38 INFO  no build target found for D:\UDEEPA\UCSC\2nd year\1st sem\SCS2204 Functional Programming\practical\1\FP_in_Scala\Prac_1\4.scala. Using presentation compiler with project's scala-library version: 3.3.3
2024.06.15 14:24:38 INFO  no build target found for D:\UDEEPA\UCSC\2nd year\1st sem\SCS2204 Functional Programming\practical\1\FP_in_Scala\Prac_1\4.scala. Using presentation compiler with project's scala-library version: 3.3.3
2024.06.15 14:24:39 WARN  Could not find semantic tokens for: file:///D:/UDEEPA/UCSC/2nd%20year/1st%20sem/SCS2204%20Functional%20Programming/practical/1/FP_in_Scala/Prac_1/4.scala
2024.06.15 14:24:39 INFO  compiling fp_in_scala_f4dd477a3a (1 scala source)
2024.06.15 14:24:39 INFO  time: compiled FP_in_Scala_f4dd477a3a in 0.27s
2024.06.15 14:24:43 INFO  time: indexed workspace in 4.29s
2024.06.15 14:24:43 WARN  Could not find semantic tokens for: file:///D:/UDEEPA/UCSC/2nd%20year/1st%20sem/SCS2204%20Functional%20Programming/practical/1/FP_in_Scala/Prac_1/4.scala
2024.06.15 14:24:44 INFO  no build target found for D:\UDEEPA\UCSC\2nd year\1st sem\SCS2204 Functional Programming\practical\1\FP_in_Scala\Prac_1\5.scala. Using presentation compiler with project's scala-library version: 3.3.3
2024.06.15 14:24:44 INFO  no build target found for D:\UDEEPA\UCSC\2nd year\1st sem\SCS2204 Functional Programming\practical\1\FP_in_Scala\Prac_1\5.scala. Using presentation compiler with project's scala-library version: 3.3.3
2024.06.15 14:24:44 WARN  Could not find semantic tokens for: file:///D:/UDEEPA/UCSC/2nd%20year/1st%20sem/SCS2204%20Functional%20Programming/practical/1/FP_in_Scala/Prac_1/5.scala
2024.06.15 14:24:45 INFO  compiling fp_in_scala_f4dd477a3a (1 scala source)
2024.06.15 14:24:45 INFO  time: compiled FP_in_Scala_f4dd477a3a in 0.11s
2024.06.15 14:24:47 WARN  Could not find semantic tokens for: file:///D:/UDEEPA/UCSC/2nd%20year/1st%20sem/SCS2204%20Functional%20Programming/practical/1/FP_in_Scala/Prac_1/4.scala
2024.06.15 14:24:48 INFO  time: indexed workspace in 3.59s
2024.06.15 14:24:48 WARN  Could not find semantic tokens for: file:///D:/UDEEPA/UCSC/2nd%20year/1st%20sem/SCS2204%20Functional%20Programming/practical/1/FP_in_Scala/Prac_1/4.scala
2024.06.15 14:29:08 WARN  Could not find semantic tokens for: file:///D:/UDEEPA/UCSC/2nd%20year/1st%20sem/SCS2204%20Functional%20Programming/practical/1/FP_in_Scala/Prac_1/4.scala
2024.06.15 14:29:08 WARN  Could not find semantic tokens for: file:///D:/UDEEPA/UCSC/2nd%20year/1st%20sem/SCS2204%20Functional%20Programming/practical/1/FP_in_Scala/Prac_1/4.scala
2024.06.15 14:29:09 WARN  Could not find semantic tokens for: file:///D:/UDEEPA/UCSC/2nd%20year/1st%20sem/SCS2204%20Functional%20Programming/practical/1/FP_in_Scala/Prac_1/4.scala
2024.06.15 14:29:09 WARN  Could not find semantic tokens for: file:///D:/UDEEPA/UCSC/2nd%20year/1st%20sem/SCS2204%20Functional%20Programming/practical/1/FP_in_Scala/Prac_1/4.scala
2024.06.15 14:29:10 WARN  Could not find semantic tokens for: file:///D:/UDEEPA/UCSC/2nd%20year/1st%20sem/SCS2204%20Functional%20Programming/practical/1/FP_in_Scala/Prac_1/4.scala
2024.06.15 14:29:10 WARN  Could not find semantic tokens for: file:///D:/UDEEPA/UCSC/2nd%20year/1st%20sem/SCS2204%20Functional%20Programming/practical/1/FP_in_Scala/Prac_1/4.scala
2024.06.15 14:29:11 WARN  Could not find semantic tokens for: file:///D:/UDEEPA/UCSC/2nd%20year/1st%20sem/SCS2204%20Functional%20Programming/practical/1/FP_in_Scala/Prac_1/4.scala
2024.06.15 14:29:12 WARN  Could not find semantic tokens for: file:///D:/UDEEPA/UCSC/2nd%20year/1st%20sem/SCS2204%20Functional%20Programming/practical/1/FP_in_Scala/Prac_1/4.scala
Jun 15, 2024 2:30:15 PM org.eclipse.lsp4j.jsonrpc.RemoteEndpoint handleCancellation
WARNING: Unmatched cancel notification for request id 3131
Jun 15, 2024 2:30:23 PM org.eclipse.lsp4j.jsonrpc.RemoteEndpoint handleCancellation
WARNING: Unmatched cancel notification for request id 3177
Jun 15, 2024 2:34:21 PM org.eclipse.lsp4j.jsonrpc.RemoteEndpoint handleCancellation
WARNING: Unmatched cancel notification for request id 3607
Jun 15, 2024 2:34:29 PM org.eclipse.lsp4j.jsonrpc.RemoteEndpoint handleCancellation
WARNING: Unmatched cancel notification for request id 3653
Jun 15, 2024 2:35:07 PM org.eclipse.lsp4j.jsonrpc.RemoteEndpoint handleCancellation
WARNING: Unmatched cancel notification for request id 3802
2024.06.15 14:35:37 INFO  compiling fp_in_scala_f4dd477a3a (1 scala source)
2024.06.15 14:35:37 INFO  time: compiled FP_in_Scala_f4dd477a3a in 0.65s
2024.06.15 14:36:29 ERROR Failed to tokenize input for semantic tokens for D:\UDEEPA\UCSC\2nd year\1st sem\SCS2204 Functional Programming\practical\1\FP_in_Scala\Prac_1\4.scala
scala.meta.tokenizers.TokenizeException: <input>:20: error: unclosed quoted identifier
`}
^
	at scala.meta.internal.tokenizers.Reporter.syntaxError(Reporter.scala:23)
	at scala.meta.internal.tokenizers.Reporter.syntaxError$(Reporter.scala:23)
	at scala.meta.internal.tokenizers.Reporter$$anon$1.syntaxError(Reporter.scala:33)
	at scala.meta.internal.tokenizers.Reporter.syntaxError(Reporter.scala:25)
	at scala.meta.internal.tokenizers.Reporter.syntaxError$(Reporter.scala:25)
	at scala.meta.internal.tokenizers.Reporter$$anon$1.syntaxError(Reporter.scala:33)
	at scala.meta.internal.tokenizers.LegacyScanner.getBackquotedIdent(LegacyScanner.scala:496)
	at scala.meta.internal.tokenizers.LegacyScanner.fetchToken(LegacyScanner.scala:344)
	at scala.meta.internal.tokenizers.LegacyScanner.nextToken(LegacyScanner.scala:214)
	at scala.meta.internal.tokenizers.LegacyScanner.foreach(LegacyScanner.scala:982)
	at scala.meta.internal.tokenizers.ScalametaTokenizer.uncachedTokenize(ScalametaTokenizer.scala:23)
	at scala.meta.internal.tokenizers.ScalametaTokenizer.$anonfun$tokenize$1(ScalametaTokenizer.scala:16)
	at scala.collection.concurrent.TrieMap.getOrElseUpdate(TrieMap.scala:960)
	at scala.meta.internal.tokenizers.ScalametaTokenizer.tokenize(ScalametaTokenizer.scala:16)
	at scala.meta.internal.tokenizers.ScalametaTokenizer$$anon$2.apply(ScalametaTokenizer.scala:331)
	at scala.meta.tokenizers.Api$XtensionTokenizeDialectInput.tokenize(Api.scala:25)
	at scala.meta.tokenizers.Api$XtensionTokenizeInputLike.tokenize(Api.scala:14)
	at scala.meta.internal.metals.SemanticTokensProvider$.getTokens(SemanticTokensProvider.scala:28)
	at scala.meta.internal.metals.SemanticTokensProvider$.provide(SemanticTokensProvider.scala:89)
	at scala.meta.internal.metals.Compilers.$anonfun$semanticTokens$3(Compilers.scala:514)
	at scala.concurrent.impl.Promise$Transformation.run(Promise.scala:467)
	at java.util.concurrent.ThreadPoolExecutor.runWorker(ThreadPoolExecutor.java:1144)
	at java.util.concurrent.ThreadPoolExecutor$Worker.run(ThreadPoolExecutor.java:642)
	at java.lang.Thread.run(Thread.java:1583)

2024.06.15 14:36:54 INFO  compiling fp_in_scala_f4dd477a3a (1 scala source)
2024.06.15 14:36:54 INFO  time: compiled FP_in_Scala_f4dd477a3a in 0.44s
2024.06.15 14:40:30 WARN  Could not find semantic tokens for: file:///D:/UDEEPA/UCSC/2nd%20year/1st%20sem/SCS2204%20Functional%20Programming/practical/1/FP_in_Scala/Prac_1/5.scala
2024.06.15 14:42:18 WARN  Could not find semantic tokens for: file:///D:/UDEEPA/UCSC/2nd%20year/1st%20sem/SCS2204%20Functional%20Programming/practical/1/FP_in_Scala/Prac_1/5.scala
2024.06.15 14:42:18 WARN  Could not find semantic tokens for: file:///D:/UDEEPA/UCSC/2nd%20year/1st%20sem/SCS2204%20Functional%20Programming/practical/1/FP_in_Scala/Prac_1/5.scala
2024.06.15 14:42:19 WARN  Could not find semantic tokens for: file:///D:/UDEEPA/UCSC/2nd%20year/1st%20sem/SCS2204%20Functional%20Programming/practical/1/FP_in_Scala/Prac_1/5.scala
Jun 15, 2024 2:43:19 PM org.eclipse.lsp4j.jsonrpc.RemoteEndpoint handleCancellation
WARNING: Unmatched cancel notification for request id 4448
Jun 15, 2024 2:43:41 PM org.eclipse.lsp4j.jsonrpc.RemoteEndpoint handleCancellation
WARNING: Unmatched cancel notification for request id 4500
2024.06.15 14:44:59 ERROR Failed to tokenize input for semantic tokens for D:\UDEEPA\UCSC\2nd year\1st sem\SCS2204 Functional Programming\practical\1\FP_in_Scala\Prac_1\5.scala
scala.meta.tokenizers.TokenizeException: <input>:10: error: unclosed quoted identifier
`
^
	at scala.meta.internal.tokenizers.Reporter.syntaxError(Reporter.scala:23)
	at scala.meta.internal.tokenizers.Reporter.syntaxError$(Reporter.scala:23)
	at scala.meta.internal.tokenizers.Reporter$$anon$1.syntaxError(Reporter.scala:33)
	at scala.meta.internal.tokenizers.Reporter.syntaxError(Reporter.scala:25)
	at scala.meta.internal.tokenizers.Reporter.syntaxError$(Reporter.scala:25)
	at scala.meta.internal.tokenizers.Reporter$$anon$1.syntaxError(Reporter.scala:33)
	at scala.meta.internal.tokenizers.LegacyScanner.getBackquotedIdent(LegacyScanner.scala:496)
	at scala.meta.internal.tokenizers.LegacyScanner.fetchToken(LegacyScanner.scala:344)
	at scala.meta.internal.tokenizers.LegacyScanner.nextToken(LegacyScanner.scala:214)
	at scala.meta.internal.tokenizers.LegacyScanner.foreach(LegacyScanner.scala:982)
	at scala.meta.internal.tokenizers.ScalametaTokenizer.uncachedTokenize(ScalametaTokenizer.scala:23)
	at scala.meta.internal.tokenizers.ScalametaTokenizer.$anonfun$tokenize$1(ScalametaTokenizer.scala:16)
	at scala.collection.concurrent.TrieMap.getOrElseUpdate(TrieMap.scala:960)
	at scala.meta.internal.tokenizers.ScalametaTokenizer.tokenize(ScalametaTokenizer.scala:16)
	at scala.meta.internal.tokenizers.ScalametaTokenizer$$anon$2.apply(ScalametaTokenizer.scala:331)
	at scala.meta.tokenizers.Api$XtensionTokenizeDialectInput.tokenize(Api.scala:25)
	at scala.meta.tokenizers.Api$XtensionTokenizeInputLike.tokenize(Api.scala:14)
	at scala.meta.internal.metals.SemanticTokensProvider$.getTokens(SemanticTokensProvider.scala:28)
	at scala.meta.internal.metals.SemanticTokensProvider$.provide(SemanticTokensProvider.scala:89)
	at scala.meta.internal.metals.Compilers.$anonfun$semanticTokens$3(Compilers.scala:514)
	at scala.concurrent.impl.Promise$Transformation.run(Promise.scala:467)
	at java.util.concurrent.ThreadPoolExecutor.runWorker(ThreadPoolExecutor.java:1144)
	at java.util.concurrent.ThreadPoolExecutor$Worker.run(ThreadPoolExecutor.java:642)
	at java.lang.Thread.run(Thread.java:1583)

2024.06.15 14:45:00 ERROR Failed to tokenize input for semantic tokens for D:\UDEEPA\UCSC\2nd year\1st sem\SCS2204 Functional Programming\practical\1\FP_in_Scala\Prac_1\5.scala
scala.meta.tokenizers.TokenizeException: <input>:10: error: empty quoted identifier
``
^
	at scala.meta.internal.tokenizers.Reporter.syntaxError(Reporter.scala:23)
	at scala.meta.internal.tokenizers.Reporter.syntaxError$(Reporter.scala:23)
	at scala.meta.internal.tokenizers.Reporter$$anon$1.syntaxError(Reporter.scala:33)
	at scala.meta.internal.tokenizers.Reporter.syntaxError(Reporter.scala:25)
	at scala.meta.internal.tokenizers.Reporter.syntaxError$(Reporter.scala:25)
	at scala.meta.internal.tokenizers.Reporter$$anon$1.syntaxError(Reporter.scala:33)
	at scala.meta.internal.tokenizers.LegacyScanner.getBackquotedIdent(LegacyScanner.scala:492)
	at scala.meta.internal.tokenizers.LegacyScanner.fetchToken(LegacyScanner.scala:344)
	at scala.meta.internal.tokenizers.LegacyScanner.nextToken(LegacyScanner.scala:214)
	at scala.meta.internal.tokenizers.LegacyScanner.foreach(LegacyScanner.scala:982)
	at scala.meta.internal.tokenizers.ScalametaTokenizer.uncachedTokenize(ScalametaTokenizer.scala:23)
	at scala.meta.internal.tokenizers.ScalametaTokenizer.$anonfun$tokenize$1(ScalametaTokenizer.scala:16)
	at scala.collection.concurrent.TrieMap.getOrElseUpdate(TrieMap.scala:960)
	at scala.meta.internal.tokenizers.ScalametaTokenizer.tokenize(ScalametaTokenizer.scala:16)
	at scala.meta.internal.tokenizers.ScalametaTokenizer$$anon$2.apply(ScalametaTokenizer.scala:331)
	at scala.meta.tokenizers.Api$XtensionTokenizeDialectInput.tokenize(Api.scala:25)
	at scala.meta.tokenizers.Api$XtensionTokenizeInputLike.tokenize(Api.scala:14)
	at scala.meta.internal.metals.SemanticTokensProvider$.getTokens(SemanticTokensProvider.scala:28)
	at scala.meta.internal.metals.SemanticTokensProvider$.provide(SemanticTokensProvider.scala:89)
	at scala.meta.internal.metals.Compilers.$anonfun$semanticTokens$3(Compilers.scala:514)
	at scala.concurrent.impl.Promise$Transformation.run(Promise.scala:467)
	at java.util.concurrent.ThreadPoolExecutor.runWorker(ThreadPoolExecutor.java:1144)
	at java.util.concurrent.ThreadPoolExecutor$Worker.run(ThreadPoolExecutor.java:642)
	at java.lang.Thread.run(Thread.java:1583)

Jun 15, 2024 2:47:13 PM org.eclipse.lsp4j.jsonrpc.RemoteEndpoint handleCancellation
WARNING: Unmatched cancel notification for request id 5131
2024.06.15 14:47:26 INFO  compiling fp_in_scala_f4dd477a3a (1 scala source)
2024.06.15 14:47:26 INFO  time: compiled FP_in_Scala_f4dd477a3a in 0.6s
2024.06.15 14:53:12 INFO  Shutting down server
2024.06.15 14:53:12 INFO  shutting down Metals
2024.06.15 14:53:12 INFO  Shut down connection with build server.
2024.06.15 14:53:12 INFO  Exiting server
2024.06.16 14:59:43 INFO  Started: Metals version 1.3.1 in folders 'D:\UDEEPA\UCSC\2nd year\1st sem\SCS2204 Functional Programming\practical\1\FP_in_Scala' for client Visual Studio Code 1.90.1.
Jun 16, 2024 2:59:43 PM org.eclipse.lsp4j.jsonrpc.RemoteEndpoint fallbackResponseError
SEVERE: Internal error: java.util.concurrent.RejectedExecutionException: Task Future(<not completed>) rejected from java.util.concurrent.ThreadPoolExecutor@45ca843[Shutting down, pool size = 1, active threads = 1, queued tasks = 0, completed tasks = 1]
java.util.concurrent.CompletionException: java.util.concurrent.RejectedExecutionException: Task Future(<not completed>) rejected from java.util.concurrent.ThreadPoolExecutor@45ca843[Shutting down, pool size = 1, active threads = 1, queued tasks = 0, completed tasks = 1]
	at java.base/java.util.concurrent.CompletableFuture.encodeThrowable(CompletableFuture.java:332)
	at java.base/java.util.concurrent.CompletableFuture.completeThrowable(CompletableFuture.java:347)
	at java.base/java.util.concurrent.CompletableFuture$UniAccept.tryFire(CompletableFuture.java:708)
	at java.base/java.util.concurrent.CompletableFuture.postComplete(CompletableFuture.java:510)
	at java.base/java.util.concurrent.CompletableFuture.completeExceptionally(CompletableFuture.java:2194)
	at scala.concurrent.java8.FuturesConvertersImpl$CF.apply(FutureConvertersImpl.scala:29)
	at scala.concurrent.java8.FuturesConvertersImpl$CF.apply(FutureConvertersImpl.scala:26)
	at scala.concurrent.impl.Promise$Transformation.run(Promise.scala:484)
	at scala.concurrent.ExecutionContext$parasitic$.execute(ExecutionContext.scala:222)
	at scala.concurrent.impl.Promise$Transformation.submitWithValue(Promise.scala:429)
	at scala.concurrent.impl.Promise$DefaultPromise.submitWithValue(Promise.scala:338)
	at scala.concurrent.impl.Promise$DefaultPromise.tryComplete0(Promise.scala:285)
	at scala.concurrent.impl.Promise$Transformation.handleFailure(Promise.scala:444)
	at scala.concurrent.impl.Promise$Transformation.submitWithValue(Promise.scala:435)
	at scala.concurrent.impl.Promise$DefaultPromise.submitWithValue(Promise.scala:338)
	at scala.concurrent.impl.Promise$DefaultPromise.tryComplete0(Promise.scala:285)
	at scala.concurrent.impl.Promise$Transformation.handleFailure(Promise.scala:444)
	at scala.concurrent.impl.Promise$Transformation.submitWithValue(Promise.scala:435)
	at scala.concurrent.impl.Promise$DefaultPromise.submitWithValue(Promise.scala:338)
	at scala.concurrent.impl.Promise$DefaultPromise.tryComplete0(Promise.scala:285)
	at scala.concurrent.impl.Promise$Transformation.run(Promise.scala:504)
	at java.base/java.util.concurrent.ThreadPoolExecutor.runWorker(ThreadPoolExecutor.java:1144)
	at java.base/java.util.concurrent.ThreadPoolExecutor$Worker.run(ThreadPoolExecutor.java:642)
	at java.base/java.lang.Thread.run(Thread.java:1583)
Caused by: java.util.concurrent.RejectedExecutionException: Task Future(<not completed>) rejected from java.util.concurrent.ThreadPoolExecutor@45ca843[Shutting down, pool size = 1, active threads = 1, queued tasks = 0, completed tasks = 1]
	at java.base/java.util.concurrent.ThreadPoolExecutor$AbortPolicy.rejectedExecution(ThreadPoolExecutor.java:2081)
	at java.base/java.util.concurrent.ThreadPoolExecutor.reject(ThreadPoolExecutor.java:841)
	at java.base/java.util.concurrent.ThreadPoolExecutor.execute(ThreadPoolExecutor.java:1376)
	at scala.concurrent.impl.ExecutionContextImpl.execute(ExecutionContextImpl.scala:21)
	at scala.concurrent.impl.Promise$Transformation.submitWithValue(Promise.scala:429)
	... 10 more

2024.06.17 19:50:46 INFO  Started: Metals version 1.3.1 in folders 'D:\UDEEPA\UCSC\2nd year\1st sem\SCS2204 Functional Programming\practical\1\FP_in_Scala' for client Visual Studio Code 1.90.1.
SLF4J(W): Class path contains multiple SLF4J providers.
SLF4J(W): Found provider [scribe.slf4j.ScribeServiceProvider@3e64cca4]
SLF4J(W): Found provider [ch.qos.logback.classic.spi.LogbackServiceProvider@63feca56]
SLF4J(W): See https://www.slf4j.org/codes.html#multiple_bindings for an explanation.
SLF4J(I): Actual provider is of type [scribe.slf4j.ScribeServiceProvider@3e64cca4]
2024.06.17 19:50:47 WARN  Flyway upgrade recommended: H2 2.2.224 is newer than this version of Flyway and support has not been tested. The latest supported version of H2 is 2.2.220.
2024.06.17 19:50:49 INFO  no build target found for D:\UDEEPA\UCSC\2nd year\1st sem\SCS2204 Functional Programming\practical\1\FP_in_Scala\Prac_1\1.scala. Using presentation compiler with project's scala-library version: 3.3.3
2024.06.17 19:50:49 INFO  Attempting to connect to the build server...
2024.06.17 19:50:49 INFO  Running BSP server List(C:\Users\ASUS\AppData\Local\Coursier\data\bin\.scala-cli.aux.exe, bsp, --json-options, D:\UDEEPA\UCSC\2nd year\1st sem\SCS2204 Functional Programming\practical\1\FP_in_Scala\.scala-build\ide-options-v2.json, --json-launcher-options, D:\UDEEPA\UCSC\2nd year\1st sem\SCS2204 Functional Programming\practical\1\FP_in_Scala\.scala-build\ide-launcher-options.json, --envs-file, D:\UDEEPA\UCSC\2nd year\1st sem\SCS2204 Functional Programming\practical\1\FP_in_Scala\.scala-build\ide-envs.json, D:\UDEEPA\UCSC\2nd year\1st sem\SCS2204 Functional Programming\practical\1\FP_in_Scala)
2024.06.17 19:50:50 INFO  tracing is disabled for protocol BSP, to enable tracing of incoming and outgoing JSON messages create an empty file at D:\UDEEPA\UCSC\2nd year\1st sem\SCS2204 Functional Programming\practical\1\FP_in_Scala\.metals\bsp.trace.json or C:\Users\ASUS\AppData\Local\scalameta\metals\cache\bsp.trace.json
2024.06.17 19:50:58 INFO  BSP server: Starting compilation server
2024.06.17 19:51:05 INFO  time: Connected to build server in 16s
2024.06.17 19:51:05 INFO  Connected to Build server: scala-cli v1.3.2
2024.06.17 19:51:05 INFO  time: Imported build in 0.2s
2024.06.17 19:51:15 INFO  time: indexed workspace in 9.37s
2024.06.17 21:36:33 INFO  Shutting down server
2024.06.17 21:36:33 INFO  shutting down Metals
2024.06.17 21:36:33 INFO  Shut down connection with build server.
2024.06.17 21:36:33 INFO  Exiting server
